Stage 2: fetching metadata + comments for top 90 of 138 ...
  [1/90] My Incredible Easy 1 Minute Scalping Strategy (Bac
  [2/90] My Simple "9:30AM Candle" Scalping Strategy (Backt
  [3/90] My Simple 5 Minute "First Candle" Scalping Strateg
  [4/90] Battle-Tested 15-Minute ORB Trading Strategy for N
  [5/90] BEST VWAP Trading Strategy [87% Win Rate]
  [6/90] Every Trading Strategy Explained in 12 Minutes
  [7/90] 90% of Traders Use VWAP Wrong! (Fix This to Win)
  [8/90] Backtested Trading Guru's Strategy : Opening Range
  [9/90] Break and Retest Strategy - A Complete Guide - Pri
  [10/90] Master Institutional Supply and Demand Trading (UL
  [11/90] How To Backtest Trading Strategy & Improve Trading
  [12/90] The “ONE CANDLE" Scalping Strategy I Will Use For 
  [13/90] I Found A Secret To Fair Value Gaps
  [14/90] My Simple 5 Minute Scalping Strategy (Rules Based)
  [15/90] This Systemized ICT Model Has Made Me $500K (Just 
  [16/90] My Simple 1 Minute Scalping Strategy Uses ONE Cand
  [17/90] The One " Box Theory" Strategy That Works Everyday
  [18/90] Python Backtest of A Scalping Strategy with VWAP, 
  [19/90] Trading With the VWAP Golden Rules \U0001f48e
  [20/90] Most Effective Stochastic + RSI + MACD Trading Str
  [21/90] The Only Day Trading Strategy I Would Use If I Cou
  [22/90] The "First Candle" Scalping Strategy Nobody Talks 
  [23/90] The Only 1-Minute Scalping Strategy You’ll EVER NE
  [24/90] The ONLY 2 Indicators I use to make $4351/Day Trad
  [25/90] BEST Day Trading Strategy for Beginners (with ZERO
  [26/90] How To Day Trade As A Complete Beginner
  [27/90] My SIMPLE Day Trading Strategy Made Me $30k/Month 
  [28/90] My BEST 5 Minute Scalping Strategy (330 Backtests)
  [29/90] This 1 Hour Day Trading Strategy Works Every Day (
  [30/90] The Only Day Trading Strategy You'll Ever Need (Be
  [31/90] The Only Fair Value Gap Video You Need.
  [32/90] Best Candle Formation for 5 Minute Scalping
  [33/90] Best Finviz Screener Settings [Find Stocks Before 
  [34/90] Master VWAP Trading Strategy In Under 10 Minutes
  [35/90] The Simplest 5 Minute Scalping Strategy I Use Dail
  [36/90] My 3 Step System for Finding A+ Trade Setups Every
  [37/90] The Supply & Demand Strategy I Wish I Knew As a Be
  [38/90] Ultimate VWAP Trading Strategy (Insanely Effective
  [39/90] VWAP Trading Strategy - BEST INDICATOR for Beginne
  [40/90] Stop Using 15 Min ORB — Use This 5min Strategy Ins
  [41/90] Copy This 5 Rule SMC Trading Strategy (Backtested 
  [42/90] Proven to Work VWAP Trading Strategy to MAGNIFY Yo
  [43/90] This Gap Trading Strategy Prints You Money (Gap Up
  [44/90] Trading the 15 minute ORB the MAX way!
  [45/90] I Reveal My Day Trading Strategy
  [46/90] The ONLY 3 Reversal Patterns You Will Ever Need...
  [47/90] BEST ORB Trading Strategy (Opening Range Breakout)
  [48/90] Trading Course Day 9: Identify Reversals
  [49/90] The 1H Pattern Nobody Talks About (1H, 1M Strategy
  [50/90] The ONLY 2 Indicators I Use to Make $1,000/Day Tra
  [51/90] How to Set Up Trade Ideas Scanner Tutorial- Best G
  [52/90] High-Quality Fair Value Gap Trading Strategy
  [53/90] Learn The 9 EMA Intraday Trading Strategy In Under
  [54/90] Finviz Screener: Find Hot Stocks to Trade in 20 Mi
  [55/90] My Simple 5 Minute Scalping Strategy (Stupid Simpl
  [56/90] My 15-Second Scalping Strategy (Full Breakdown)
  [57/90] \U0001f4ca Do This 5 Minutes Before The Market's Open \U0001f307
  [58/90] This Trading Strategy Made Me $26,000 in Just 12 H
  [59/90] The Opening Range Breakout Strategy You've Been Mi
  [60/90] My 1 Minute Scalping Strategy (Complete Course)
  [61/90] Stock Scanners for Beginner Day Trading Strategies
  [62/90] The Dark Side of ORB Trading (Nobody Tells You Thi
  [63/90] The Anchored VWAP Edge Most Traders Never Discover
  [64/90] The Dark Side of ORB Trading (Nobody Tells You Thi
  [65/90] Intraday Trading Tactics: My Top 5 Strategies Reve
  [66/90] How To Find Stocks BEFORE They Explode - Finviz Sc
  [67/90] The BEST Day Trading Strategy For Beginners in 202
  [68/90] I Studied 1,000 Failed Retests (Found One Strategy
  [69/90] My Secret “9:30 AM” 1 Minute Scalping Strategy (Si
  [70/90] This One Indicator Spots Every Big Reversal (Simpl
  [71/90] The Indicator Banks ACTUALLY Use - Full Guide to V
  [72/90] Master Fibonacci Retracement: Reversal & Continuat
  [73/90] The Only 1 Minute Scalping Strategy I’ll Ever Trad
  [74/90] Master The Opening Range Breakout (ORB) Trading St
  [75/90] The 15min ORB Strategy is a CHEATCODE for Scalping
  [76/90] When, Where, Why to Set Anchored VWAP - Brian Shan
  [77/90] How to Catch 30 Pips a Day: The London Breakout Tr
  [78/90] Best 1 Minute Scalping Strategy Ever (Simple and P
  [79/90] The 2 Lines That Predict Tomorrow's Trades (Previo
  [80/90] The Inside Bar Breakout Trading Strategy You Have 
  [81/90] The Dark Side Of The “First Candle” Scalping Strat
  [82/90] The ULTIMATE Break & Retest Strategy (Most Traders
  [83/90] Ultimate VWAP Strategy for Day Trading (Institutio
  [84/90] TradingView Stock Screener 2.0 Tutorial [Find Stoc
  [85/90] The Greatest Opening Range Breakout Indicator Ever
  [86/90] This “ORB” Trading Strategy Is Practically Foolpro
  [87/90] Moving Average 1 Minute Scalping Strategy [ EMA + 
  [88/90] My Open Range Break Out Trading Strategy is UNSTOP
  [89/90] The ONLY $SPY Trading Strategy You Need To Make Mo
  [90/90] This ICT Strategy NO DAILY BIAS made me PROFITABLE
